<?xml version="1.0" encoding="UTF-8"?>
<testsuite xmlns:xsi="http://www.w3.org/2001/XMLSchema-instance" xsi:noNamespaceSchemaLocation="https://maven.apache.org/surefire/maven-surefire-plugin/xsd/surefire-test-report.xsd" version="3.0.2" name="com.example.bai3.Bai3ApplicationTests" time="2.879" tests="1" errors="0" skipped="0" failures="0">
  <properties>
[...]
</properties>
  <testcase name="contextLoads" classname="com.example.bai3.Bai3ApplicationTests" time="0.605">
    <system-out><![CDATA[22:26:48.156 [main] INFO org.springframework.test.context.support.AnnotationConfigContextLoaderUtils -- Could not detect default configuration classes for test class [com.example.bai3.Bai3ApplicationTests]: Bai3ApplicationTests does not declare any static, non-private, non-final, nested classes annotated with @Configuration.
22:26:48.267 [main] INFO org.springframework.boot.test.context.SpringBootTestContextBootstrapper -- Found @SpringBootConfiguration com.example.bai3.Bai3Application for test class com.example.bai3.Bai3ApplicationTests
22:26:48.433 [main] INFO org.springframework.boot.devtools.restart.RestartApplicationListener -- Restart disabled due to context in which it is running

  .   ____          _            __ _ _
 /\\ / ___'_ __ _ _(_)_ __  __ _ \ \ \ \
( ( )\___ | '_ | '_| | '_ \/ _` | \ \ \ \
 \\/  ___)| |_)| | | | | || (_| |  ) ) ) )
  '  |____| .__|_| |_|_| |_\__, | / / / /
 =========|_|==============|___/=/_/_/_/

 :: Spring Boot ::                (v4.0.2)

2026-02-01T22:26:48.739+07:00  INFO 24680 --- [bai3] [           main] com.example.bai3.Bai3ApplicationTests    : Starting Bai3ApplicationTests using Java 21.0.9 with PID 24680 (started by Danh Võ in C:\Users\ADMIN\Downloads\bai3\bai3)
2026-02-01T22:26:48.740+07:00  INFO 24680 --- [bai3] [           main] com.example.bai3.Bai3ApplicationTests    : No active profile set, falling back to 1 default profile: "default"
2026-02-01T22:26:49.745+07:00  INFO 24680 --- [bai3] [           main] o.s.b.w.a.WelcomePageHandlerMapping      : Adding welcome page template: index
2026-02-01T22:26:50.130+07:00  INFO 24680 --- [bai3] [           main] com.example.bai3.Bai3ApplicationTests    : Started Bai3ApplicationTests in 1.709 seconds (process running for 3.029)
]]></system-out>
    <system-err><![CDATA[Mockito is currently self-attaching to enable the inline-mock-maker. This will no longer work in future releases of the JDK. Please add Mockito as an agent to your build as described in Mockito's documentation: https://javadoc.io/doc/org.mockito/mockito-core/latest/org.mockito/org/mockito/Mockito.html#0.3
WARNING: A Java agent has been loaded dynamically (C:\Users\ADMIN\.m2\repository\net\bytebuddy\byte-buddy-agent\1.17.8\byte-buddy-agent-1.17.8.jar)
WARNING: If a serviceability tool is in use, please run with -XX:+EnableDynamicAgentLoading to hide this warning
WARNING: If a serviceability tool is not in use, please run with -Djdk.instrument.traceUsage for more information
WARNING: Dynamic loading of agents will be disallowed by default in a future release
]]></system-err>
  </testcase>
</testsuite>